{"numFailedTestSuites":0,"numFailedTests":0,"numPassedTestSuites":2,"numPassedTests":2,"numPendingTestSuites":0,"numPendingTests":0,"numRuntimeErrorTestSuites":0,"numTodoTests":0,"numTotalTestSuites":2,"numTotalTests":2,"openHandles":[],"snapshot":{"added":0,"didUpdate":false,"failure":false,"filesAdded":0,"filesRemoved":0,"filesRemovedList":[],"filesUnmatched":0,"filesUpdated":0,"matched":0,"total":0,"unchecked":0,"uncheckedKeysByFile":[],"unmatched":0,"updated":0},"startTime":1700508629701,"success":true,"testResults":[{"assertionResults":[{"ancestorTitles":[],"duration":11,"failureDetails":[],"failureMessages":[],"fullName":"simple test","invocations":1,"location":null,"numPassingAsserts":0,"retryReasons":[],"status":"passed","title":"simple test"}],"endTime":1700508630052,"message":"","name":"/home/alex/Téléchargements/quizzgame/quizzgame/src/components/Card.test.tsx","startTime":1700508629754,"status":"passed","summary":""},{"assertionResults":[{"ancestorTitles":[],"duration":2,"failureDetails":[],"failureMessages":[],"fullName":"simple test","invocations":1,"location":null,"numPassingAsserts":0,"retryReasons":[],"status":"passed","title":"simple test"}],"endTime":1700508630204,"message":"","name":"/home/alex/Téléchargements/quizzgame/quizzgame/src/App.test.tsx","startTime":1700508630074,"status":"passed","summary":""}],"wasInterrupted":false}
