{"numFailedTestSuites":0,"numFailedTests":0,"numPassedTestSuites":2,"numPassedTests":2,"numPendingTestSuites":0,"numPendingTests":0,"numRuntimeErrorTestSuites":0,"numTodoTests":0,"numTotalTestSuites":2,"numTotalTests":2,"openHandles":[],"snapshot":{"added":0,"didUpdate":false,"failure":false,"filesAdded":0,"filesRemoved":0,"filesRemovedList":[],"filesUnmatched":0,"filesUpdated":0,"matched":0,"total":0,"unchecked":0,"uncheckedKeysByFile":[],"unmatched":0,"updated":0},"startTime":1705482968183,"success":true,"testResults":[{"assertionResults":[{"ancestorTitles":[],"duration":4,"failureDetails":[],"failureMessages":[],"fullName":"simple test","invocations":1,"location":null,"numPassingAsserts":0,"retryReasons":[],"status":"passed","title":"simple test"}],"endTime":1705482968410,"message":"","name":"C:\\Users\\bourl\\Desktop\\Code\\quizzgame\\src\\components\\Card.test.tsx","startTime":1705482968214,"status":"passed","summary":""},{"assertionResults":[{"ancestorTitles":[],"duration":1,"failureDetails":[],"failureMessages":[],"fullName":"simple test","invocations":1,"location":null,"numPassingAsserts":0,"retryReasons":[],"status":"passed","title":"simple test"}],"endTime":1705482968507,"message":"","name":"C:\\Users\\bourl\\Desktop\\Code\\quizzgame\\src\\App.test.tsx","startTime":1705482968431,"status":"passed","summary":""}],"wasInterrupted":false}
